<?xml version="1.0" encoding="UTF-8"?>
<!-- Generated by org.testng.reporters.JUnitReportReporter -->
<testsuite hostname="tvl-note" name="com.qagroup.apidemos.test.TextSwitcherTest" tests="1" failures="0" timestamp="6 Jun 2017 19:51:48 GMT" time="17.088" errors="0">
  <testcase name="testTextSwitcher" time="17.088" classname="com.qagroup.apidemos.test.TextSwitcherTest"/>
</testsuite> <!-- com.qagroup.apidemos.test.TextSwitcherTest -->
