<?xml version="1.0" encoding="UTF-8"?>
<!-- Generated by org.testng.reporters.JUnitReportReporter -->
<testsuite hostname="tvl-note" name="com.qagroup.apidemos.test.SMSMessagingTest" tests="1" failures="0" timestamp="6 Jun 2017 19:51:48 GMT" time="64.280" errors="0">
  <testcase name="testSMSMessaging" time="64.280" classname="com.qagroup.apidemos.test.SMSMessagingTest"/>
</testsuite> <!-- com.qagroup.apidemos.test.SMSMessagingTest -->
