<?xml version="1.0" encoding="UTF-8"?>
<!-- Generated by org.testng.reporters.JUnitReportReporter -->
<testsuite hostname="tvl-note" name="com.qagroup.apidemos.test.ApiDemosNavigationTest" tests="1" failures="0" timestamp="6 Jun 2017 19:51:48 GMT" time="25.748" errors="0">
  <testcase name="test" time="25.748" classname="com.qagroup.apidemos.test.ApiDemosNavigationTest"/>
</testsuite> <!-- com.qagroup.apidemos.test.ApiDemosNavigationTest -->
